<?xml version="1.0" encoding="UTF-8"?>
<!-- Generated by org.testng.reporters.JUnitReportReporter -->
<testsuite hostname="DESKTOP-422VBNN" failures="0" tests="1" name="com.kavya.businessscripts.GmailTest" time="11.528" errors="0" timestamp="2023-03-15T14:05:23 IST" skipped="0">
  <testcase classname="com.kavya.businessscripts.GmailTest" name="gmailTest" time="11.528"/>
  <system-out/>
</testsuite> <!-- com.kavya.businessscripts.GmailTest -->
