<?xml version="1.0" encoding="UTF-8"?>
<!-- Generated by org.testng.reporters.JUnitReportReporter -->
<testsuite hostname="DESKTOP-422VBNN" name="com.kavya.businessscripts.FbTest" tests="1" failures="0" timestamp="9 Mar 2023 08:06:43 GMT" time="2.232" errors="0">
  <testcase name="fbTest" time="2.232" classname="com.kavya.businessscripts.FbTest"/>
</testsuite> <!-- com.kavya.businessscripts.FbTest -->
