<?xml version="1.0" encoding="UTF-8"?>
<!-- Generated by org.testng.reporters.JUnitReportReporter -->
<testsuite hostname="DESKTOP-422VBNN" name="com.kavya.businessscripts.InstasTest" tests="1" failures="0" timestamp="9 Mar 2023 08:06:43 GMT" time="10.194" errors="0">
  <testcase name="instasTest" time="10.194" classname="com.kavya.businessscripts.InstasTest"/>
</testsuite> <!-- com.kavya.businessscripts.InstasTest -->
