<?xml version="1.0" encoding="UTF-8"?>
<!-- Generated by org.testng.reporters.JUnitReportReporter -->
<testsuite hostname="DESKTOP-422VBNN" name="com.kavya.businessscripts.FpTest" tests="1" failures="0" timestamp="9 Mar 2023 08:06:43 GMT" time="6.460" errors="0">
  <testcase name="fpTest" time="6.460" classname="com.kavya.businessscripts.FpTest"/>
</testsuite> <!-- com.kavya.businessscripts.FpTest -->
